Job Array ID: 988028, Task ID: 4
Running on node: pax006
Started at: Tue Jun  2 12:49:14 PM EDT 2026
REPO_DIR=/cluster/home/jsanta07/OfflineNeuroloop
Loaded module: miniforge/25.3.0
Active conda env: offline-neuroloop (/cluster/home/jsanta07/.conda/envs/offline-neuroloop/bin/python3)
/cluster/home/jsanta07/.conda/envs/offline-neuroloop/lib/python3.11/site-packages/pygame/pkgdata.py:25: UserWarning: pkg_resources is deprecated as an API. See https://setuptools.pypa.io/en/latest/pkg_resources.html. The pkg_resources package is slated for removal as early as 2025-11-30. Refrain from using this package or pin to Setuptools<81.
  from pkg_resources import resource_stream, resource_exists
Traceback (most recent call last):
  File "/cluster/home/jsanta07/OfflineNeuroloop/run_trial.py", line 129, in <module>
    main()
  File "/cluster/home/jsanta07/OfflineNeuroloop/run_trial.py", line 62, in main
    cfg = cfg_from_spec(spec)
          ^^^^^^^^^^^^^^^^^^^
  File "/cluster/home/jsanta07/OfflineNeuroloop/experiment_sweep.py", line 398, in cfg_from_spec
    return build_cfg(
           ^^^^^^^^^^
  File "/cluster/home/jsanta07/OfflineNeuroloop/experiment_sweep.py", line 138, in build_cfg
    cfg = copy.deepcopy(load_yaml(domain_config))
                        ^^^^^^^^^^^^^^^^^^^^^^^^
  File "/cluster/home/jsanta07/OfflineNeuroloop/experiment_sweep.py", line 40, in load_yaml
    with open(path) as f:
         ^^^^^^^^^^
FileNotFoundError: [Errno 2] No such file or directory: '/Users/juliasantaniello/Desktop/OfflineNeuroloop/configs/domains/flappy.yaml'
